<!DOCTYPE html>

<html>
<head>
<meta charset="UTF-8">

<title>mkmf.log - RedCloth</title>

<link href="../../../../../../fonts.css" rel="stylesheet">
<link href="../../../../../../rdoc.css" rel="stylesheet">

<script type="text/javascript">
  var rdoc_rel_prefix = "../../../../../../";
</script>

<script src="../../../../../../js/jquery.js"></script>
<script src="../../../../../../js/navigation.js"></script>
<script src="../../../../../../js/search_index.js"></script>
<script src="../../../../../../js/search.js"></script>
<script src="../../../../../../js/searcher.js"></script>
<script src="../../../../../../js/darkfish.js"></script>


<body id="top" role="document" class="file">
<nav role="navigation">
  <div id="project-navigation">
    <div id="home-section" role="region" title="Quick navigation" class="nav-section">
  <h2>
    <a href="../../../../../../index.html" rel="home">Home</a>
  </h2>

  <div id="table-of-contents-navigation">
    <a href="../../../../../../table_of_contents.html#pages">Pages</a>
    <a href="../../../../../../table_of_contents.html#classes">Classes</a>
    <a href="../../../../../../table_of_contents.html#methods">Methods</a>
  </div>
</div>

    <div id="search-section" role="search" class="project-section initially-hidden">
  <form action="#" method="get" accept-charset="utf-8">
    <div id="search-field-wrapper">
      <input id="search-field" role="combobox" aria-label="Search"
             aria-autocomplete="list" aria-controls="search-results"
             type="text" name="search" placeholder="Search" spellcheck="false"
             title="Type to search, Up and Down to navigate, Enter to load">
    </div>

    <ul id="search-results" aria-label="Search Results"
        aria-busy="false" aria-expanded="false"
        aria-atomic="false" class="initially-hidden"></ul>
  </form>
</div>

  </div>

  

  <div id="project-metadata">
    <div id="fileindex-section" class="nav-section">
  <h3>Pages</h3>

  <ul class="link-list">
  
    <li><a href="../../../../../../__/__/extensions/x86-mingw32/2_1_0/RedCloth-4_3_0/gem_build_complete.html">gem.build_complete</a>
  
    <li><a href="../../../../../../__/__/extensions/x86-mingw32/2_1_0/RedCloth-4_3_0/gem_make_out.html">gem_make.out</a>
  
    <li><a href="../../../../../../__/__/extensions/x86-mingw32/2_1_0/RedCloth-4_3_0/mkmf_log.html">mkmf.log</a>
  
    <li><a href="../../../../../../CHANGELOG.html">CHANGELOG</a>
  
    <li><a href="../../../../../../COPYING.html">COPYING</a>
  
    <li><a href="../../../../../../README_rdoc.html">README</a>
  
    <li><a href="../../../../../../ext/redcloth_scan/Makefile.html">Makefile</a>
  
    <li><a href="../../../../../../ext/redcloth_scan/redcloth_scan-i386-mingw32_def.html">redcloth_scan-i386-mingw32.def</a>
  
    <li><a href="../../../../../../lib/tasks/pureruby_rake.html">pureruby.rake</a>
  
  </ul>
</div>

  </div>
</nav>

<main role="main" aria-label="Page ../../extensions/x86-mingw32/2.1.0/RedCloth-4.3.0/mkmf.log">

<p>have_library: checking for main() in -lc… ——————– no</p>

<p>“gcc -o conftest.exe
-ID:/GitHub/SmallPortableJekyll/ruby/include/ruby-2.1.0/i386-mingw32
-ID:/GitHub/SmallPortableJekyll/ruby/include/ruby-2.1.0/ruby/backward
-ID:/GitHub/SmallPortableJekyll/ruby/include/ruby-2.1.0 -I.
-DFD_SETSIZE=2048 -D_WIN32_WINNT=0x0501 -D__MINGW_USE_VC2005_COMPAT
-D_FILE_OFFSET_BITS=64   -O3 -fno-omit-frame-pointer -fno-fast-math -g
-Wall -Wextra -Wno-unused-parameter -Wno-parentheses -Wno-long-long
-Wno-missing-field-initializers -Wunused-variable -Wpointer-arith
-Wwrite-strings -Wdeclaration-after-statement
-Wimplicit-function-declaration -O0 -Wall  conftest.c  -L.
-LD:/GitHub/SmallPortableJekyll/ruby/lib -L.      -lmsvcrt-ruby210 
-lshell32 -lws2_32 -liphlpapi -limagehlp -lshlwapi  ” checked program was:</p>

<pre>begin</pre>

<p>1: include “ruby.h” 2:  3: include &lt;winsock2.h&gt; 4: include
&lt;windows.h&gt; 5: int main(int argc, char **argv) 6: { 7:   return 0; 8:
}</p>

<pre>end</pre>

<p>“gcc -o conftest.exe
-ID:/GitHub/SmallPortableJekyll/ruby/include/ruby-2.1.0/i386-mingw32
-ID:/GitHub/SmallPortableJekyll/ruby/include/ruby-2.1.0/ruby/backward
-ID:/GitHub/SmallPortableJekyll/ruby/include/ruby-2.1.0 -I.
-DFD_SETSIZE=2048 -D_WIN32_WINNT=0x0501 -D__MINGW_USE_VC2005_COMPAT
-D_FILE_OFFSET_BITS=64   -O3 -fno-omit-frame-pointer -fno-fast-math -g
-Wall -Wextra -Wno-unused-parameter -Wno-parentheses -Wno-long-long
-Wno-missing-field-initializers -Wunused-variable -Wpointer-arith
-Wwrite-strings -Wdeclaration-after-statement
-Wimplicit-function-declaration -O0 -Wall  conftest.c  -L.
-LD:/GitHub/SmallPortableJekyll/ruby/lib -L.      -lmsvcrt-ruby210 -lc 
-lshell32 -lws2_32 -liphlpapi -limagehlp -lshlwapi  ” conftest.c: In
function &#39;t&#39;: conftest.c:16:32: warning: variable &#39;p&#39; set
but not used [-Wunused-but-set-variable]
d:/github/smallportablejekyll/devkit/mingw/bin/../lib/gcc/i686-w64-mingw32/4.7.2/../../../../i686-w64-mingw32/bin/ld.exe:
cannot find -lc collect2.exe: error: ld returned 1 exit status checked
program was: /* begin */</p>

<pre>1: #include &quot;ruby.h&quot;
2: 
3: #include &lt;winsock2.h&gt;
4: #include &lt;windows.h&gt;
5: 
6: /*top*/
7: extern int t(void);
8: int main(int argc, char **argv)
9: {</pre>

<p>10:   if (argc &gt; 1000000) { 11:     printf(“%p”, &amp;t); 12:   } 13: 
14:   return 0; 15: } 16: int t(void) { void ((*volatile p)()); p = (void
((*)()))main; return 0; } /* end */</p>

<p>“gcc -o conftest.exe
-ID:/GitHub/SmallPortableJekyll/ruby/include/ruby-2.1.0/i386-mingw32
-ID:/GitHub/SmallPortableJekyll/ruby/include/ruby-2.1.0/ruby/backward
-ID:/GitHub/SmallPortableJekyll/ruby/include/ruby-2.1.0 -I.
-DFD_SETSIZE=2048 -D_WIN32_WINNT=0x0501 -D__MINGW_USE_VC2005_COMPAT
-D_FILE_OFFSET_BITS=64   -O3 -fno-omit-frame-pointer -fno-fast-math -g
-Wall -Wextra -Wno-unused-parameter -Wno-parentheses -Wno-long-long
-Wno-missing-field-initializers -Wunused-variable -Wpointer-arith
-Wwrite-strings -Wdeclaration-after-statement
-Wimplicit-function-declaration -O0 -Wall  conftest.c  -L.
-LD:/GitHub/SmallPortableJekyll/ruby/lib -L.      -lmsvcrt-ruby210 -lc 
-lshell32 -lws2_32 -liphlpapi -limagehlp -lshlwapi  ” conftest.c: In
function &#39;t&#39;: conftest.c:16:1: error: too few arguments to function
&#39;main&#39; conftest.c:8:5: note: declared here checked program was: /*
begin */</p>

<pre>1: #include &quot;ruby.h&quot;
2: 
3: #include &lt;winsock2.h&gt;
4: #include &lt;windows.h&gt;
5: 
6: /*top*/
7: extern int t(void);
8: int main(int argc, char **argv)
9: {</pre>

<p>10:   if (argc &gt; 1000000) { 11:     printf(“%p”, &amp;t); 12:   } 13: 
14:   return 0; 15: } 16: int t(void) { main(); return 0; } /* end */</p>
<hr>
</main>



<footer id="validator-badges" role="contentinfo">
  <p><a href="http://validator.w3.org/check/referer">Validate</a>
  <p>Generated by <a href="http://rdoc.rubyforge.org">RDoc</a> 4.1.0.
  <p>Based on <a href="http://deveiate.org/projects/Darkfish-Rdoc/">Darkfish</a> by <a href="http://deveiate.org">Michael Granger</a>.
</footer>

